# Class "BMH": semantic types related to Biological, Medical, or Health topics (very large)
BMH:
'Acquired Abnormality'
'Activity'
'Age Group'
'Amino Acid Sequence'
'Anatomical Abnormality'
'Anatomical Structure'
'Animal'
'Antibiotic'
'Behavior'
'Biologic Function'
'Biomedical Occupation or Discipline'
'Biomedical or Dental Material'
'Body Location or Region'
'Body Part, Organ, or Organ Component'
'Body Space or Junction'
'Body Substance'
'Body System'
'Cell or Molecular Dysfunction'
'Chemical'
'Chemical Viewed Structurally'
'Classification'
'Clinical Attribute'
'Clinical Drug'
'Conceptual Entity'
'Congenital Abnormality'
'Daily or Recreational Activity'
'Diagnostic Procedure'
'Disease or Syndrome'
'Drug Delivery Device'
'Educational Activity'
'Entity'
'Environmental Effect of Humans'
'Event'
'Experimental Model of Disease'
'Family Group'
'Finding'
'Food'
'Fully Formed Anatomical Structure'
'Geographic Area'
'Governmental or Regulatory Activity'
'Group'
'Group Attribute'
'Hazardous or Poisonous Substance'
'Health Care Activity'
'Health Care Related Organization'
'Human'
'Human-caused Phenomenon or Process'
'Idea or Concept'
'Indicator, Reagent, or Diagnostic Aid'
'Individual Behavior'
'Injury or Poisoning'
'Intellectual Product'
'Laboratory or Test Result'
'Laboratory Procedure'
'Language'
'Machine Activity'
'Manufactured Object'
'Medical Device'
'Mental or Behavioral Dysfunction'
'Mental Process'
'Molecular Biology Research Technique'
'Molecular Sequence'
'Natural Phenomenon or Process'
'Neoplastic Process'
'Occupation or Discipline'
'Occupational Activity'
'Organ or Tissue Function'
'Organism'
'Organism Attribute'
'Organism Function'
'Organization'
'Pathologic Function'
'Patient or Disabled Group'
'Pharmacologic Substance'
'Phenomenon or Process'
'Physical Object'
'Physiologic Function'
'Population Group'
'Professional or Occupational Group'
'Professional Society'
'Qualitative Concept'
'Quantitative Concept'
'Regulation or Law'
'Research Activity'
'Research Device'
'Self-help or Relief Organization'
'Sign or Symptom'
'Social Behavior'
'Spatial Concept'
'Substance'
'Temporal Concept'
'Therapeutic or Preventive Procedure'
'Tissue'
'Virus'
'Vitamin'

# Class "KCO": semantic types useful in the context of the K-Connect project
KCO:
'Acquired Abnormality'
'Anatomical Abnormality'
'Antibiotic'
'Body Location or Region'
'Body Part, Organ, or Organ Component'
'Body Space or Junction'
'Body System'
'Cell or Molecular Dysfunction'
'Clinical Drug'
'Congenital Abnormality'
'Diagnostic Procedure'
'Disease or Syndrome'
'Experimental Model of Disease'
'Finding'
'Injury or Poisoning'
'Laboratory Procedure'
'Laboratory or Test Result'
'Mental or Behavioral Dysfunction'
'Mental Process'
'Molecular Biology Research Technique'
'Neoplastic Process'
'Pathologic Function'
'Pharmacologic Substance'
'Research Activity'
'Sign or Symptom'
'Tissue'

# Class "KCX": semantic types useful in the context of the K-Connect project pragmatically extended
KCX:
'Acquired Abnormality'
'Anatomical Abnormality'
'Antibiotic'
'Body Location or Region'
'Body Part, Organ, or Organ Component'
'Body Space or Junction'
'Body System'
'Cell or Molecular Dysfunction'
'Clinical Drug'
'Congenital Abnormality'
'Diagnostic Procedure'
'Disease or Syndrome'
'Experimental Model of Disease'
'Finding'
'Injury or Poisoning'
'Laboratory Procedure'
'Laboratory or Test Result'
'Mental or Behavioral Dysfunction'
'Mental Process'
'Molecular Biology Research Technique'
'Neoplastic Process'
'Pathologic Function'
'Pharmacologic Substance'
'Research Activity'
'Sign or Symptom'
'Tissue'
'Individual Behavior'
'Clinical Attribute'
'Anatomical Structure'
'Health Care Activity'
'Health Care Related Organization'
'Self-help or Relief Organization'
'Therapeutic or Preventive Procedure'
'Temporal Concept'
#'Population Group'
#'Patient or Disabled Group'

# Class "HNU": semantic types connected to Health and Nutrition
HNU:
'Anatomical Structure'
'Anatomical Abnormality'
'Acquired Abnormality'
'Activity'
'Age Group'
'Amino Acid, Peptide, or Protein'
'Amphibian'
'Animal'
'Antibiotic'
'Bacterium'
'Behavior'
'Biologic Function'
'Biologically Active Substance'
'Biomedical Occupation or Discipline'
'Biomedical or Dental Material'
'Bird'
'Body Location or Region'
'Body Part, Organ, or Organ Component'
'Body Space or Junction'
'Body Substance'
'Body System'
'Carbohydrate Sequence'
'Cell'
'Cell Component'
'Cell Function'
'Cell or Molecular Dysfunction'
'Chemical'
'Chemical Viewed Functionally'
'Chemical Viewed Structurally'
'Classification'
'Clinical Attribute'
'Clinical Drug'
'Conceptual Entity'
'Congenital Abnormality'
'Daily or Recreational Activity'
'Diagnostic Procedure'
'Disease or Syndrome'
'Drug Delivery Device'
'Educational Activity'
'Element, Ion, or Isotope'
'Embryonic Structure'
'Entity'
'Environmental Effect of Humans'
'Enzyme'
'Experimental Model of Disease'
'Family Group'
'Finding'
'Fish'
'Food'
'Fully Formed Anatomical Structure'
'Fungus'
'Gene or Genome'
'Genetic Function'
'Geographic Area'
'Group Attribute'
'Hazardous or Poisonous Substance'
'Health Care Activity'
'Hormone'
'Human'
'Human-caused Phenomenon or Process'
'Immunologic Factor'
'Individual Behavior'
'Injury or Poisoning'
'Inorganic Chemical'
'Laboratory Procedure'
'Laboratory or Test Result'
'Language'
'Machine Activity'
'Mammal'
'Manufactured Object'
'Medical Device'
'Mental Process'
'Mental or Behavioral Dysfunction'
'Natural Phenomenon or Process'
'Neoplastic Process'
'Occupation or Discipline'
'Occupational Activity'
'Organ or Tissue Function'
'Organic Chemical'
'Organism'
'Organism Attribute'
'Organism Function'
'Pathologic Function'
'Patient or Disabled Group'
'Pharmacologic Substance'
'Phenomenon or Process'
'Physical Object'
'Physiologic Function'
'Plant'
'Population Group'
'Professional or Occupational Group'
'Receptor'
'Reptile'
'Research Activity'
'Sign or Symptom'
'Social Behavior'
'Spatial Concept'
'Substance'
'Temporal Concept'
'Therapeutic or Preventive Procedure'
'Tissue'
'Vertebrate'
'Virus'
'Vitamin'

